This is pdfTeX, Version 3.1415926-2.4-1.40.13 (TeX Live 2012/Debian) (format=pdflatex 2013.4.20)  22 FEB 2014 15:48
entering extended mode
 restricted \write18 enabled.
 %&-line parsing enabled.
**poster.tex
(/usr/share/texlive/texmf-dist/tex/generic/poster-mac/poster.tex
LaTeX2e <2011/06/27>
Babel <v3.8m> and hyphenation patterns for english, dumylang, nohyphenation, lo
aded.
  v1.1  10/05/15  <tvz>
\@posterbox=\box26
\poster@savedbox=\box27
\poster@cropbox=\box28
)
! Emergency stop.
<*> poster.tex
              
*** (job aborted, no legal \end found)

 
Here is how much of TeX's memory you used:
 67 strings out of 495059
 1076 string characters out of 3182030
 45057 words of memory out of 3000000
 3349 multiletter control sequences out of 15000+200000
 3640 words of font info for 14 fonts, out of 3000000 for 9000
 14 hyphenation exceptions out of 8191
 5i,0n,8p,90b,8s stack positions out of 5000i,500n,10000p,200000b,50000s
!  ==> Fatal error occurred, no output PDF file produced!
