Waiting to accept data connection...
Handled Authentication Packet!
Starting to handle request packet...
Now calling readRequstPacket()
Now calling readRequestPacketLength.
About to write to connection...
Written to connection.
Read error value in readRequestPacketLength:  <nil>
Done with readRequestPacketLength. Packet length:  309
Done with readRequestPacket()
Calling process method...
Done with process method, respPacket.
Starting to handle request packet...
Now calling readRequstPacket()
Now calling readRequestPacketLength.
About to write to connection...
Written to connection.
Read error value in readRequestPacketLength:  <nil>
Done with readRequestPacketLength. Packet length:  309
Done with readRequestPacket()
Calling process method...
Done with process method, respPacket.
Starting to handle request packet...
Now calling readRequstPacket()
Now calling readRequestPacketLength.
About to write to connection...
Written to connection.
Read error value in readRequestPacketLength:  <nil>
Done with readRequestPacketLength. Packet length:  309
Done with readRequestPacket()
Calling process method...
Done with process method, respPacket.
Starting to handle request packet...
Now calling readRequstPacket()
Now calling readRequestPacketLength.
About to write to connection...
Written to connection.
Read error value in readRequestPacketLength:  <nil>
Done with readRequestPacketLength. Packet length:  309
Done with readRequestPacket()
Calling process method...
Done with process method, respPacket.
Starting to handle request packet...
Now calling readRequstPacket()
Now calling readRequestPacketLength.
About to write to connection...
Written to connection.
Done with readRequestPacket()
Error handling request packet.
Client connection closed. Closing local socket...
Handled Authentication Packet!
Starting to handle request packet...
Now calling readRequstPacket()
Now calling readRequestPacketLength.
About to write to connection...
Written to connection.
Read error value in readRequestPacketLength:  <nil>
Done with readRequestPacketLength. Packet length:  24
Done with readRequestPacket()
Calling process method...
Done with process method, respPacket.
Starting to handle request packet...
Now calling readRequstPacket()
Now calling readRequestPacketLength.
About to write to connection...
Written to connection.
Done with readRequestPacket()
Error handling request packet.
Client connection closed. Closing local socket...
Handled Authentication Packet!
Starting to handle request packet...
Now calling readRequstPacket()
Now calling readRequestPacketLength.
About to write to connection...
Written to connection.
Read error value in readRequestPacketLength:  <nil>
Done with readRequestPacketLength. Packet length:  352
Done with readRequestPacket()
Calling process method...
Done with process method, respPacket.
Starting to handle request packet...
Now calling readRequstPacket()
Now calling readRequestPacketLength.
About to write to connection...
Written to connection.
Read error value in readRequestPacketLength:  <nil>
Done with readRequestPacketLength. Packet length:  309
Done with readRequestPacket()
Calling process method...
Done with process method, respPacket.
Starting to handle request packet...
Now calling readRequstPacket()
Now calling readRequestPacketLength.
About to write to connection...
Written to connection.
Read error value in readRequestPacketLength:  <nil>
Done with readRequestPacketLength. Packet length:  254
Done with readRequestPacket()
Calling process method...
Done with process method, respPacket.
Starting to handle request packet...
Now calling readRequstPacket()
Now calling readRequestPacketLength.
About to write to connection...
Written to connection.
Read error value in readRequestPacketLength:  <nil>
Done with readRequestPacketLength. Packet length:  352
Done with readRequestPacket()
Calling process method...
Done with process method, respPacket.
Starting to handle request packet...
Now calling readRequstPacket()
Now calling readRequestPacketLength.
About to write to connection...
Written to connection.
Read error value in readRequestPacketLength:  <nil>
Done with readRequestPacketLength. Packet length:  1053
Done with readRequestPacket()
Calling process method...
Done with process method, respPacket.
Starting to handle request packet...
Now calling readRequstPacket()
Now calling readRequestPacketLength.
About to write to connection...
Written to connection.
Read error value in readRequestPacketLength:  <nil>
Done with readRequestPacketLength. Packet length:  309
Done with readRequestPacket()
Calling process method...
Done with process method, respPacket.
Starting to handle request packet...
Now calling readRequstPacket()
Now calling readRequestPacketLength.
About to write to connection...
Written to connection.
Read error value in readRequestPacketLength:  <nil>
Done with readRequestPacketLength. Packet length:  309
Done with readRequestPacket()
Calling process method...
Done with process method, respPacket.
Starting to handle request packet...
Now calling readRequstPacket()
Now calling readRequestPacketLength.
About to write to connection...
Written to connection.
Read error value in readRequestPacketLength:  <nil>
Done with readRequestPacketLength. Packet length:  309
Done with readRequestPacket()
Calling process method...
Done with process method, respPacket.
Starting to handle request packet...
Now calling readRequstPacket()
Now calling readRequestPacketLength.
About to write to connection...
Written to connection.
Read error value in readRequestPacketLength:  <nil>
Done with readRequestPacketLength. Packet length:  309
Done with readRequestPacket()
Calling process method...
Done with process method, respPacket.
Starting to handle request packet...
Now calling readRequstPacket()
Now calling readRequestPacketLength.
About to write to connection...
Written to connection.
Read error value in readRequestPacketLength:  <nil>
Done with readRequestPacketLength. Packet length:  309
Done with readRequestPacket()
Calling process method...
Done with process method, respPacket.
Starting to handle request packet...
Now calling readRequstPacket()
Now calling readRequestPacketLength.
About to write to connection...
Written to connection.
Read error value in readRequestPacketLength:  <nil>
Done with readRequestPacketLength. Packet length:  309
Done with readRequestPacket()
Calling process method...
Done with process method, respPacket.
Starting to handle request packet...
Now calling readRequstPacket()
Now calling readRequestPacketLength.
About to write to connection...
Written to connection.
Read error value in readRequestPacketLength:  <nil>
Done with readRequestPacketLength. Packet length:  309
Done with readRequestPacket()
Calling process method...
Done with process method, respPacket.
Starting to handle request packet...
Now calling readRequstPacket()
Now calling readRequestPacketLength.
About to write to connection...
Written to connection.
Read error value in readRequestPacketLength:  <nil>
Done with readRequestPacketLength. Packet length:  309
Done with readRequestPacket()
Calling process method...
Done with process method, respPacket.
Starting to handle request packet...
Now calling readRequstPacket()
Now calling readRequestPacketLength.
Read error value in readRequestPacketLength:  <nil>
Done with readRequestPacketLength. Packet length:  4294967295
